Jul 06 17:36 : update: added /nixers-podcast-2016-06-19.mp3
Jul 06 17:36 : ffmpeg/mov,mp4,m4a,3gp,3g2,mj2: stream 0, timescale not set
Jul 06 17:36 : ffmpeg/mjpeg: Changing bps to 8
Jul 06 17:36 : update: added /23 Safe & Sound (feat. Danyka Nadeau).m4a
Jul 06 17:36 : update: added /PIXL – The Escape (Original Mix).mp3
Jul 06 17:36 : ffmpeg/mov,mp4,m4a,3gp,3g2,mj2: stream 0, timescale not set
Jul 06 17:36 : ffmpeg/mjpeg: Changing bps to 8
Jul 06 17:36 : update: added /14 Messiah.m4a
Jul 06 17:36 : ffmpeg/mov,mp4,m4a,3gp,3g2,mj2: stream 0, timescale not set
Jul 06 17:36 : ffmpeg/mjpeg: Changing bps to 8
Jul 06 17:36 : update: added /22 Raw.m4a
Jul 06 17:36 : avahi: Service 'Music Player' successfully established.
Jul 06 17:38 : update: added /nixers-podcast-2016-06-19.mp3
Jul 06 17:38 : ffmpeg/mov,mp4,m4a,3gp,3g2,mj2: stream 0, timescale not set
Jul 06 17:38 : ffmpeg/mjpeg: Changing bps to 8
Jul 06 17:38 : update: added /23 Safe & Sound (feat. Danyka Nadeau).m4a
Jul 06 17:38 : update: added /PIXL – The Escape (Original Mix).mp3
Jul 06 17:38 : ffmpeg/mov,mp4,m4a,3gp,3g2,mj2: stream 0, timescale not set
Jul 06 17:38 : ffmpeg/mjpeg: Changing bps to 8
Jul 06 17:38 : update: added /14 Messiah.m4a
Jul 06 17:38 : ffmpeg/mov,mp4,m4a,3gp,3g2,mj2: stream 0, timescale not set
Jul 06 17:38 : ffmpeg/mjpeg: Changing bps to 8
Jul 06 17:38 : update: added /22 Raw.m4a
Jul 06 17:38 : avahi: Service 'Music Player' successfully established.
Jul 06 17:38 : client: [0] opened from [::1]:59824
Jul 06 17:38 : alsa_mixer: Failed to read mixer for 'My ALSA Device': no such mixer control: PCM
Jul 06 17:38 : client: [0] closed
Jul 06 17:38 : client: [1] opened from [::1]:59826
Jul 06 17:38 : client: [1] closed
Jul 06 17:38 : client: [2] opened from [::1]:59828
Jul 06 17:38 : client: [2] closed
Jul 06 17:38 : client: [3] opened from [::1]:59830
Jul 06 17:38 : client: [3] closed
Jul 06 17:38 : avahi: Service 'Music Player' successfully established.
Jul 06 17:38 : client: [0] opened from [::1]:59832
Jul 06 17:38 : alsa_mixer: Failed to read mixer for 'My ALSA Device': no such mixer control: PCM
Jul 06 17:39 : client: [1] opened from [::1]:59836
Jul 06 17:39 : client: [0] closed
Jul 06 17:41 : update: added /nixers-podcast-2016-06-19.mp3
Jul 06 17:41 : ffmpeg/mov,mp4,m4a,3gp,3g2,mj2: stream 0, timescale not set
Jul 06 17:41 : ffmpeg/mjpeg: Changing bps to 8
Jul 06 17:41 : update: added /23 Safe & Sound (feat. Danyka Nadeau).m4a
Jul 06 17:41 : update: added /PIXL – The Escape (Original Mix).mp3
Jul 06 17:41 : ffmpeg/mov,mp4,m4a,3gp,3g2,mj2: stream 0, timescale not set
Jul 06 17:41 : ffmpeg/mjpeg: Changing bps to 8
Jul 06 17:41 : update: added /14 Messiah.m4a
Jul 06 17:41 : ffmpeg/mov,mp4,m4a,3gp,3g2,mj2: stream 0, timescale not set
Jul 06 17:41 : ffmpeg/mjpeg: Changing bps to 8
Jul 06 17:41 : update: added /22 Raw.m4a
Jul 06 17:41 : avahi: Service 'Music Player' successfully established.
Jul 06 17:41 : client: [0] opened from [::1]:59842
Jul 06 17:41 : alsa_mixer: Failed to read mixer for 'My ALSA Device': no such mixer control: PCM
Jul 06 17:41 : client: [1] opened from [::1]:59846
Jul 06 17:41 : client: [1] closed
Jul 06 17:41 : update: added /nixers-podcast-2016-06-19.mp3
Jul 06 17:41 : ffmpeg/mov,mp4,m4a,3gp,3g2,mj2: stream 0, timescale not set
Jul 06 17:41 : ffmpeg/mjpeg: Changing bps to 8
Jul 06 17:41 : update: added /23 Safe & Sound (feat. Danyka Nadeau).m4a
Jul 06 17:41 : update: added /PIXL – The Escape (Original Mix).mp3
Jul 06 17:41 : ffmpeg/mov,mp4,m4a,3gp,3g2,mj2: stream 0, timescale not set
Jul 06 17:41 : ffmpeg/mjpeg: Changing bps to 8
Jul 06 17:41 : update: added /14 Messiah.m4a
Jul 06 17:41 : ffmpeg/mov,mp4,m4a,3gp,3g2,mj2: stream 0, timescale not set
Jul 06 17:41 : ffmpeg/mjpeg: Changing bps to 8
Jul 06 17:41 : update: added /22 Raw.m4a
Jul 06 17:41 : avahi: Service 'Music Player' successfully established.
Jul 06 17:41 : client: [0] opened from [::1]:59848
Jul 06 17:41 : alsa_mixer: Failed to read mixer for 'My ALSA Device': no such mixer control: PCM
Jul 06 17:42 : update: added /nixers-podcast-2016-06-19.mp3
Jul 06 17:42 : ffmpeg/mov,mp4,m4a,3gp,3g2,mj2: stream 0, timescale not set
Jul 06 17:42 : ffmpeg/mjpeg: Changing bps to 8
Jul 06 17:42 : update: added /23 Safe & Sound (feat. Danyka Nadeau).m4a
Jul 06 17:42 : update: added /PIXL – The Escape (Original Mix).mp3
Jul 06 17:42 : ffmpeg/mov,mp4,m4a,3gp,3g2,mj2: stream 0, timescale not set
Jul 06 17:42 : ffmpeg/mjpeg: Changing bps to 8
Jul 06 17:42 : update: added /14 Messiah.m4a
Jul 06 17:42 : ffmpeg/mov,mp4,m4a,3gp,3g2,mj2: stream 0, timescale not set
Jul 06 17:42 : ffmpeg/mjpeg: Changing bps to 8
Jul 06 17:42 : update: added /22 Raw.m4a
Jul 06 17:42 : avahi: Service 'Music Player' successfully established.
Jul 06 17:42 : client: [0] opened from [::1]:59868
Jul 06 17:42 : alsa_mixer: Failed to read mixer for 'My ALSA Device': no such mixer control: PCM
Jul 06 17:42 : client: [0] closed
Jul 06 17:42 : avahi: Service 'Music Player' successfully established.
Jul 06 17:42 : client: [0] opened from [::1]:59870
Jul 06 17:42 : alsa_mixer: Failed to read mixer for 'My ALSA Device': no such mixer control: PCM
Jul 06 17:42 : client: [1] opened from [::1]:59872
Jul 06 17:43 : client: [0] closed
Jul 06 17:44 : client: [2] opened from [::1]:59916
Jul 06 17:44 : ffmpeg/mov,mp4,m4a,3gp,3g2,mj2: stream 0, timescale not set
Jul 06 17:44 : ffmpeg/mjpeg: Changing bps to 8
Jul 06 17:44 : output: Failed to open mixer for 'My ALSA Device'
Jul 06 17:44 : player: played "22 Raw.m4a"
Jul 06 17:44 : output: Failed to open mixer for 'My ALSA Device'
Jul 06 17:44 : player: played "nixers-podcast-2016-06-19.mp3"
Jul 06 17:44 : ffmpeg/mov,mp4,m4a,3gp,3g2,mj2: stream 0, timescale not set
Jul 06 17:44 : ffmpeg/mjpeg: Changing bps to 8
Jul 06 17:44 : output: Failed to open mixer for 'My ALSA Device'
Jul 06 17:44 : player: played "23 Safe & Sound (feat. Danyka Nadeau).m4a"
Jul 06 17:44 : ffmpeg/mov,mp4,m4a,3gp,3g2,mj2: stream 0, timescale not set
Jul 06 17:44 : ffmpeg/mjpeg: Changing bps to 8
Jul 06 17:44 : player: played "22 Raw.m4a"
Jul 06 17:44 : ffmpeg/mov,mp4,m4a,3gp,3g2,mj2: stream 0, timescale not set
Jul 06 17:44 : ffmpeg/mjpeg: Changing bps to 8
Jul 06 17:44 : player: played "22 Raw.m4a"
Jul 06 17:44 : ffmpeg/mov,mp4,m4a,3gp,3g2,mj2: stream 0, timescale not set
Jul 06 17:44 : ffmpeg/mjpeg: Changing bps to 8
Jul 06 17:44 : client: [2] closed
Jul 06 17:44 : client: [3] opened from [::1]:59920
Jul 06 17:45 : output: Failed to open mixer for 'My ALSA Device'
Jul 06 17:45 : output: Failed to open mixer for 'My ALSA Device'
Jul 06 17:45 : client: [3] closed
Jul 06 17:45 : client: [4] opened from [::1]:59922
Jul 06 17:45 : output: Failed to open mixer for 'My ALSA Device'
Jul 06 17:45 : player: played "22 Raw.m4a"
Jul 06 17:45 : ffmpeg/mov,mp4,m4a,3gp,3g2,mj2: stream 0, timescale not set
Jul 06 17:45 : ffmpeg/mjpeg: Changing bps to 8
Jul 06 17:45 : client: [4] closed
Jul 06 17:46 : client: [5] opened from [::1]:59932
Jul 06 17:46 : client: [5] closed
Jul 06 17:47 : client: [6] opened from [::1]:59934
Jul 06 17:47 : client: [6] closed
Jul 06 17:47 : client: [7] opened from [::1]:59936
Jul 06 17:47 : client: [7] closed
Jul 06 17:47 : client: [8] opened from [::1]:59938
Jul 06 17:47 : client: [8] closed
Jul 06 17:47 : client: [9] opened from [::1]:59940
Jul 06 17:47 : client: [9] closed
Jul 06 17:48 : client: [10] opened from [::1]:59942
Jul 06 17:48 : player: played "23 Safe & Sound (feat. Danyka Nadeau).m4a"
Jul 06 17:48 : output: Failed to open mixer for 'My ALSA Device'
Jul 06 17:48 : output: Failed to open mixer for 'My ALSA Device'
Jul 06 17:48 : client: [10] closed
Jul 06 17:48 : client: [11] opened from [::1]:59956
Jul 06 17:48 : output: Failed to open mixer for 'My ALSA Device'
Jul 06 17:48 : client: [11] closed
Jul 06 17:49 : client: [12] opened from [::1]:59958
Jul 06 17:49 : output: Failed to open mixer for 'My ALSA Device'
Jul 06 17:49 : client: [12] closed
Jul 06 17:49 : client: [13] opened from [::1]:59966
Jul 06 17:49 : output: Failed to open mixer for 'My ALSA Device'
Jul 06 18:15 : output: Failed to open mixer for 'My ALSA Device'
Jul 06 18:15 : output: Failed to open mixer for 'My ALSA Device'
Jul 06 18:15 : client: [13] closed
Jul 06 18:15 : client: [14] opened from [::1]:59986
Jul 06 18:15 : player: played "PIXL – The Escape (Original Mix).mp3"
Jul 06 18:16 : client: [14] closed
Jul 06 18:16 : client: [15] opened from [::1]:60016
Jul 06 18:16 : output: Failed to open mixer for 'My ALSA Device'
Jul 06 18:18 : client: [15] closed
Jul 06 18:18 : client: [16] opened from [::1]:60022
Jul 06 18:19 : client: [16] closed
Jul 06 18:19 : client: [17] opened from [::1]:60028
Jul 06 18:19 : client: [17] closed
Jul 06 18:19 : client: [18] opened from [::1]:60030
Jul 06 18:19 : update: added Neon Grave EP/Zomboy - Like A Bitch (Extended Mix).mp3
Jul 06 18:19 : update: added Neon Grave EP/Zomboy - Miles Away (feat. Nefera).mp3
Jul 06 18:19 : update: added Neon Grave EP/Zomboy - Get With The Program (feat. O.V).mp3
Jul 06 18:19 : update: added Neon Grave EP/Zomboy - Lights Out.mp3
Jul 06 18:19 : update: added Neon Grave EP/Zomboy - Dip It.mp3
Jul 06 18:19 : update: added SB1 - Gramatik/Just_Chillin'.mp3
Jul 06 18:19 : update: added SB1 - Gramatik/The_Prophet.mp3
Jul 06 18:19 : update: added SB1 - Gramatik/Now_I_Know.mp3
Jul 06 18:19 : update: added SB1 - Gramatik/Ass_Kickin'_Bass.mp3
Jul 06 18:19 : update: added SB1 - Gramatik/Loungin'.mp3
Jul 06 18:19 : update: added SB1 - Gramatik/New_Nautilus.mp3
Jul 06 18:19 : update: added SB1 - Gramatik/I_Love_the_Way.mp3
Jul 06 18:19 : update: added SB1 - Gramatik/U_R_the_One.mp3
Jul 06 18:19 : update: added SB1 - Gramatik/Lorena's_Butterfly.mp3
Jul 06 18:19 : update: added SB1 - Gramatik/To_Follow.mp3
Jul 06 18:19 : update: added SB1 - Gramatik/Shaft_Funk.mp3
Jul 06 18:19 : update: added SB1 - Gramatik/Bring_It_Fast.mp3
Jul 06 18:19 : update: added SB1 - Gramatik/Itz_Over.mp3
Jul 06 18:19 : update: added SB1 - Gramatik/In_My_City.mp3
Jul 06 18:19 : update: added SB1 - Gramatik/In_My_Hood.mp3
Jul 06 18:19 : update: added SB1 - Gramatik/Don't_Get_Weary.mp3
Jul 06 18:19 : update: added SB1 - Gramatik/Funk_It_Down.mp3
Jul 06 18:19 : update: added SB1 - Gramatik/Doin'_It.mp3
Jul 06 18:19 : update: added SB1 - Gramatik/Road_Trip.mp3
Jul 06 18:19 : update: added SB1 - Gramatik/Sumthin'.mp3
Jul 06 18:19 : update: added SB1 - Gramatik/Brother.mp3
Jul 06 18:19 : update: added SB2 - Gramatik/The_Culture.mp3
Jul 06 18:19 : update: added SB2 - Gramatik/The_Prophet.mp3
Jul 06 18:19 : update: added SB2 - Gramatik/Deal_With_The_Real.mp3
Jul 06 18:19 : update: added SB2 - Gramatik/Don't_You_Know.mp3
Jul 06 18:19 : update: added SB2 - Gramatik/Still_Here.mp3
Jul 06 18:19 : update: added SB2 - Gramatik/Indigo_Child.mp3
Jul 06 18:19 : update: added SB2 - Gramatik/Tearin'_It_Up.mp3
Jul 06 18:19 : update: added SB2 - Gramatik/Hit_That_Jive.mp3
Jul 06 18:19 : update: added SB2 - Gramatik/What_More_Can_I_Say.mp3
Jul 06 18:19 : update: added SB2 - Gramatik/Makes_Me_Wonder.mp3
Jul 06 18:19 : update: added SB2 - Gramatik/Boom_Bap_Reinstated.mp3
Jul 06 18:20 : update: added SB2 - Gramatik/Smooth_While_Raw.mp3
Jul 06 18:20 : update: added SB2 - Gramatik/Chillaxin'_By_The_Sea.mp3
Jul 06 18:20 : update: added SB2 - Gramatik/A_Bright_Day.mp3
Jul 06 18:20 : update: added SB2 - Gramatik/Street_Soul_101.mp3
Jul 06 18:20 : update: added SB2 - Gramatik/Orchestrated_Incident.mp3
Jul 06 18:20 : update: added SB2 - Gramatik/A_Bright_Day_(Phat_Cut_Remix).mp3
Jul 06 18:20 : update: added SB2 - Gramatik/I'm_Free.mp3
Jul 06 18:20 : update: added SB2 - Gramatik/Just_Jammin'.mp3
Jul 06 18:20 : update: added SB2 - Gramatik/I'm_Doin'_My_Thang.mp3
Jul 06 18:20 : update: added SB2 - Gramatik/Lonely&Cold.mp3
Jul 06 18:20 : update: added SB3 - Gramatik/Cirkus.mp3
Jul 06 18:20 : update: added SB3 - Gramatik/Enter_the_Realm_(Intro).mp3
Jul 06 18:20 : update: added SB3 - Gramatik/The_Anthem.mp3
Jul 06 18:20 : update: added SB3 - Gramatik/The_Swing_of_Justice.mp3
Jul 06 18:20 : update: added SB3 - Gramatik/Talk_That_Slang.mp3
Jul 06 18:20 : update: added SB3 - Gramatik/A_Bunch_of_Questions.mp3
Jul 06 18:20 : update: added SB3 - Gramatik/Walkin'_Down_the_Street.mp3
Jul 06 18:20 : update: added SB3 - Gramatik/Muy_Tranquilo.mp3
Jul 06 18:20 : update: added SB3 - Gramatik/Tranquilo.mp3
Jul 06 18:20 : update: added SB3 - Gramatik/In_This_Whole_World.mp3
Jul 06 18:20 : update: added SB3 - Gramatik/Dungeon_Sound.mp3
Jul 06 18:20 : update: added SB3 - Gramatik/Oriental_Job.mp3
Jul 06 18:20 : update: added SB3 - Gramatik/Spoiler_Alert.mp3
Jul 06 18:20 : update: added SB3 - Gramatik/On_the_Run.mp3
Jul 06 18:20 : update: added SB3 - Gramatik/Flip_the_Script.mp3
Jul 06 18:20 : update: added SB3 - Gramatik/Victory.mp3
Jul 06 18:20 : update: added SB3 - Gramatik/Cool_Thieves.mp3
Jul 06 18:20 : update: added SB3 - Gramatik/Adriatic_Summer_Nights.mp3
Jul 06 18:20 : update: added SB3 - Gramatik/Got_To_Be_In_All_the_Way.mp3
Jul 06 18:20 : update: added SB3 - Gramatik/Balkan_Express.mp3
Jul 06 18:20 : update: added SB4 - Gramatik/Guitar_Chop.mp3
Jul 06 18:20 : update: added SB4 - Gramatik/Clubby_Or_Whatever.mp3
Jul 06 18:20 : update: added SB4 - Gramatik/Klassikal.mp3
Jul 06 18:20 : update: added SB4 - Gramatik/Party_Or_Something.mp3
Jul 06 18:20 : update: added SB4 - Gramatik/Weird.mp3
Jul 06 18:20 : update: added SB4 - Gramatik/Fallen.mp3
Jul 06 18:20 : update: added SB4 - Gramatik/East_Coast.mp3
Jul 06 18:20 : update: added SB4 - Gramatik/Cutting_Room.mp3
Jul 06 18:20 : update: added SB4 - Gramatik/Just_Creepin'.mp3
Jul 06 18:20 : update: added SB4 - Gramatik/Street_Soul.mp3
Jul 06 18:20 : update: added SB4 - Gramatik/Funk_It_Up.mp3
Jul 06 18:20 : update: added SB4 - Gramatik/Monster_Stomp.mp3
Jul 06 18:20 : update: added SB4 - Gramatik/Violin_Chop.mp3
Jul 06 18:20 : update: added SB4 - Gramatik/Fly_Wit_Me.mp3
Jul 06 18:20 : update: added SB4 - Gramatik/Cup_Of_Tea.mp3
Jul 06 18:20 : update: added SB4 - Gramatik/Sitar_Chop.mp3
Jul 06 18:20 : update: added SB4 - Gramatik/Sloul.mp3
Jul 06 18:20 : update: added SB4 - Gramatik/Some_Breaks.mp3
Jul 06 18:20 : update: added SB4 - Gramatik/Through_The_Gala.mp3
Jul 06 18:20 : update: added SB4 - Gramatik/Slap_Stutter.mp3
Jul 06 18:20 : update: added SB4 - Gramatik/Pizzi_Chop.mp3
Jul 06 18:20 : update: added SB4 - Gramatik/Watch_Baby.mp3
Jul 06 18:20 : update: added Tides w/ Hex Cougar.mp3
Jul 06 18:20 : client: [18] closed
Jul 06 18:20 : client: [19] opened from [::1]:60032
Jul 06 18:21 : update: added /HOODLUM.mp3
Jul 06 18:21 : update: added /Amazonia.mp3
Jul 06 18:21 : update: added /Radium - Winter Mix 2014.mp3
Jul 06 18:21 : update: added /FLO.mp3
Jul 06 18:21 : update: added /Doctor P and Flux Pavilion - Stampede.mp3
Jul 06 18:21 : update: added /One Coastal - Water Dance [Buy = Free DL].mp3
Jul 06 18:21 : update: added /Savant - ZION - 11 Spider.mp3
Jul 06 18:21 : update: added /DESTRUCTO - 4 REAL [ JOYRYDE 'SWURVE' MIX ].mp3
Jul 06 18:21 : update: added /Savant - ZION - 13 Mecca.mp3
Jul 06 18:21 : update: added /Savant - ZION - 14 Meshugga.mp3
Jul 06 18:21 : update: added /Koala Podcast 004 ft. Ducked Ape.mp3
Jul 06 18:21 : update: added /Wizdom - Breathe.mp3
Jul 06 18:21 : update: added /Bliss-Warriors.mp3
Jul 06 18:21 : update: added /VOLO - Traces.mp3
Jul 06 18:21 : update: added /JOYRYDE ft. RICK RO$$ - WINDOWS.mp3
Jul 06 18:21 : update: added /HARI KARI.mp3
Jul 06 18:21 : update: added /Egzod - Marianne ft. Sinego.mp3
Jul 06 18:21 : update: added /Cha Cha Slide (Sneek Remix).mp3
Jul 06 18:21 : update: added /Venom - El Dicktator.mp3
Jul 06 18:21 : update: added /Shelter - Green.mp3
Jul 06 18:21 : update: added /La Belle Verte.mp3
Jul 06 18:21 : update: added /Ignition Mix - Annie Nightingale.mp3
Jul 06 18:21 : update: added /YMB - Ben Harder Show 262.mp3
Jul 06 18:21 : update: added /doctor-p-flux-pavilion-fuckers.mp3
Jul 06 18:21 : update: added /Resonance.mp3
Jul 06 18:21 : update: added /Karma Fields - Build The Cities (feat. Kerli) (Rootkit Remix).mp3
Jul 06 18:21 : update: added /Radium - Summer Mix 2015.mp3
Jul 06 18:21 : update: added /Excision - Shambhala 2015 Mix_224059861_soundcloud.mp3
Jul 06 18:21 : update: added /Angerfist at Defqon.1 Black 2015.mp3
Jul 06 18:21 : update: added /The Chainsmokers - Roses ft. ROZES (Electric Joy Ride Remix).mp3
Jul 06 18:21 : update: added /SPACE LACES - Say It Ain't So.mp3
Jul 06 18:21 : update: added /Savant - ZION - 04 Crusade.mp3
Jul 06 18:21 : update: added /Barely Alive - Binary.mp3
Jul 06 18:21 : update: added /Doctor P and Flux Pavilion - Party Drink Smoke feat. Jarren Benton.mp3
Jul 06 18:21 : update: added /Crystal Skies - Above ft. Apollodor.mp3
Jul 06 18:21 : update: added /Barely Alive - Hackers Ft. Armanni Reign.mp3
Jul 06 18:21 : update: added /MONXX - BALLIN'.wav
Jul 06 18:21 : update: added /Dirt Monkey - Badder ft. Clinton Sly.mp3
Jul 06 18:21 : update: added /Whynnel - Mitzdi.mp3
Jul 06 18:21 : update: added /Melano - Traveller.mp3
Jul 06 18:21 : update: added /Savant - ZION - 09 Outcasts.mp3
Jul 06 18:21 : update: added /Savant - ZION - 05 Desert Eagle.mp3
Jul 06 18:21 : update: added /Savant - ZION - 03 Apocalypse.mp3
Jul 06 18:21 : update: added /[mp3flow.net] - Wavves - My Head Hurts.mp3
Jul 06 18:21 : update: added /7546883_Cybernetics_Original_Mix.mp3
Jul 06 18:21 : update: added /Home (Feat. Bright Lights).mp3
Jul 06 18:21 : update: added /KATHARSIS vs SYKICK - Acid Trip.mp3
Jul 06 18:21 : update: added /Ex Somnium.mp3
Jul 06 18:21 : update: added /Savant - ZION - 07 Nazareth.mp3
Jul 06 18:21 : update: added /Savant - ZION - 15 Sons of Babel.mp3
Jul 06 18:21 : update: added /02 Fortress (Ft. Joni Fatora).mp3
Jul 06 18:21 : update: added /Savant - ZION - 16 Zion.mp3
Jul 06 18:21 : update: added /Vagus - Plotwist (Euphoria)- Tree of Life festival entry..mp3
Jul 06 18:21 : update: added /Justice - Newjack -.mp3
Jul 06 18:21 : update: added /MIICS - ACIID.mp3
Jul 06 18:21 : update: added /Trivecta - Into The Limelight (feat. Danyka Nadeau).mp3
Jul 06 18:21 : update: added /Getter - Suh Dude (LUMBERJVCK Remix).mp3
Jul 06 18:21 : update: added /TheFatRat - The Calling (feat. Laura Brehm).mp3
Jul 06 18:21 : update: added /Notaker - Infinite.mp3
Jul 06 18:21 : update: added /Synchron - The Heist  (Original Mix)(Supported by Far Too Loud & Crankdat).mp3
Jul 06 18:21 : update: added /Downlink & SampliFire - Misty VIP.mp3
Jul 06 18:21 : update: added /Getter - In The Cuts (feat. Sneek).mp3
Jul 06 18:21 : update: added /Different Heaven - Far Away (Phantom Sage Remix).mp3
Jul 06 18:21 : update: added /Joe Hisaishi - Howl's Moving Castle Theme (Murtagh Remix).mp3
Jul 06 18:21 : update: added /EH!DE - Nutcracker.mp3
Jul 06 18:21 : update: added /Howl - Sports Challenge.mp3
Jul 06 18:21 : update: added /Grim [Free Download].mp3
Jul 06 18:21 : update: added /Savant - ZION - 06 Castle of Gods.mp3
Jul 06 18:21 : update: added /Mr Oizo - Being Flat.mp3
Jul 06 18:21 : update: added /Savant - ZION - 01 Anunnaki.mp3
Jul 06 18:21 : update: added /LigOne - Complete(R.O Remix).mp3
Jul 06 18:21 : update: added /That's all you get.mp3
Jul 06 18:21 : update: added /The Chainsmokers ft. Daya - Don't Let Me Down (Zomboy Remix).mp3
Jul 06 18:21 : update: added /Oliver Heldens & Throttle - Waiting (Original Mix) [OUT NOW].mp3
Jul 06 18:21 : update: added /Razihel - Legends (Zatox Remix) [feat. TeamMate].mp3
Jul 06 18:21 : update: added /Venom - Êtes-vous Libre.mp3
Jul 06 18:21 : update: added /My Kingdom (William Black Remix).mp3
Jul 06 18:21 : update: added /Morope.mp3
Jul 06 18:21 : update: added /Lantana - All Hustle, No Luck (kellbender remix).mp3
Jul 06 18:21 : update: added /Closer (Crystal Knives Remix).mp3
Jul 06 18:21 : update: added /7711268_Antihero_Original_Mix.mp3
Jul 06 18:21 : update: added /Tonight.mp3
Jul 06 18:21 : update: added /EH!DE & Walter Wilde - High Grade [Premiere].mp3
Jul 06 18:21 : update: added /Shelter - Two of Us.mp3
Jul 06 18:21 : update: added /Desembra - RAMRAMRAM.mp3
Jul 06 18:21 : update: added /Dirty Work.mp3
Jul 06 18:21 : update: added /Mandragora - La Espanolita ( UNLOGIX REMIX ).mp3
Jul 06 18:21 : update: added /FUEL TANK.mp3
Jul 06 18:21 : update: added /MAG - Sunshine City.mp3
Jul 06 18:21 : update: added /Savant - ZION - 02 Arrival.mp3
Jul 06 18:21 : update: added /Savant - ZION - 12 Royality.mp3
Jul 06 18:21 : update: added /I am waiting for you last summer - Surrender.mp3
Jul 06 18:21 : update: added /Valentino Khan - Deep Down Low (VIP).mp3
Jul 06 18:21 : update: added /More Plastic - Kill 'Em (Original Mix) [SickTaste.com EXCLUSIVE].mp3
Jul 06 18:21 : update: added /Koala Podcast 003 ft. Volant.mp3
Jul 06 18:21 : update: added /Vini Vici - Namaste.mp3
Jul 06 18:21 : update: added /Leads vs Alborosie vs Tosh - Kingston Space.mp3
Jul 06 18:21 : update: added /Ben Harder Show 374 (Hour 2)- Sound Abuse in the mix [1-3-2016].mp3
Jul 06 18:21 : update: added /HOAM.mp3
Jul 06 18:21 : update: added /PIXL - Sadbot.mp3
Jul 06 18:21 : update: added /Lemaitre - Stepping Stone feat Mark Johns.mp3
Jul 06 18:21 : update: added /Dec3mber & EH!DE - Hyperreality.mp3
Jul 06 18:21 : update: added /Project 46 - Signs ft. Shantee.mp3
Jul 06 18:21 : update: added /Karma Fields _ For Me.mp3
Jul 06 18:21 : update: added /Robot Orchestra - Divine Elegance ft. Supreme Sol.mp3
Jul 06 18:21 : update: added /Foria - Break Away.mp3
Jul 06 18:21 : update: added /DropDead & Our Enemies - BRAINWRK.mp3
Jul 06 18:21 : update: added /Calvin Hobbes - Alice.mp3
Jul 06 18:21 : update: added /Murtagh & Lord Benabou - Délusion.mp3
Jul 06 18:21 : update: added /EH!DE - Cosmic cat.mp3
Jul 06 18:21 : update: added /Savant - ZION - 10 Shazam.mp3
Jul 06 18:21 : update: added /Ephixa - Wanderer Mixtape.mp3
Jul 06 18:21 : update: added /Destroy Them With Lazers.mp3
Jul 06 18:21 : update: added /K.Flay - FML (KRNE Remix).mp3
Jul 06 18:21 : update: added /Crystal Clouds [NCS Release].mp3
Jul 06 18:21 : update: added /D0n't L3t M3 D0wN (C - Barts Bootleg) FREE DOWNLOAD!.mp3
Jul 06 18:21 : update: added /Savant - ZION - 08 Princess of Zion.mp3
Jul 06 18:21 : update: added /CHVRCHES - Clearest Blue (Gryffin Remix).mp3
Jul 06 18:21 : update: added /SPEED TRAP.mp3
Jul 06 18:21 : update: added /Bleu Clair - The Tastemaker.mp3
Jul 06 18:21 : update: added /Lark.mp3
Jul 06 18:21 : update: added /ONE [Free Download].mp3
Jul 06 18:21 : update: added /Brig - Spoil.mp3
Jul 06 18:21 : output: Failed to open mixer for 'My ALSA Device'
Jul 06 18:21 : output: Failed to open audio output
Jul 06 18:21 : output: Failed to open mixer for 'My ALSA Device'
Jul 06 18:22 : client: [19] closed
Jul 06 18:22 : client: [20] opened from [::1]:60040
Jul 06 18:22 : client: [20] closed
Jul 06 18:22 : client: [21] opened from [::1]:60042
Jul 06 18:23 : player: played "nixers-podcast-2016-06-19.mp3"
Jul 06 18:24 : client: [21] closed
Jul 06 18:24 : client: [22] opened from [::1]:60050
Jul 06 18:24 : client: [22] closed
Jul 06 18:24 : client: [23] opened from [::1]:60052
Jul 06 18:24 : client: [23] closed
Jul 06 18:24 : client: [24] opened from [::1]:60054
Jul 06 18:24 : client: [24] closed
Jul 06 18:24 : player: played "Bleu Clair - The Tastemaker.mp3"
Jul 06 18:24 : avahi: Service 'Music Player' successfully established.
Jul 06 18:24 : client: [0] opened from [::1]:60068
Jul 06 18:24 : alsa_mixer: Failed to read mixer for 'My ALSA Device': no such mixer control: PCM
Jul 06 18:24 : client: [1] opened from [::1]:60070
Jul 06 18:24 : output: Failed to open mixer for 'My ALSA Device'
Jul 06 18:24 : client: [1] closed
Jul 06 18:25 : client: [2] opened from [::1]:60072
Jul 06 18:25 : client: [2] closed
Jul 06 18:25 : client: [3] opened from [::1]:60078
Jul 06 18:26 : player: played "Bleu Clair - The Tastemaker.mp3"
Jul 06 18:27 : client: [3] closed
Jul 06 18:27 : client: [4] opened from [::1]:60084
Jul 06 18:27 : client: [4] closed
Jul 06 18:27 : client: [5] opened from [::1]:60086
Jul 06 18:27 : player: played "Brig - Spoil.mp3"
Jul 06 18:28 : client: [5] closed
Jul 06 18:28 : client: [6] opened from [::1]:60096
Jul 06 18:28 : client: [6] closed
Jul 06 18:28 : client: [7] opened from [::1]:60100
Jul 06 18:28 : client: [7] closed
Jul 06 18:28 : client: [8] opened from [::1]:60112
Jul 06 18:29 : client: [8] closed
Jul 06 18:29 : client: [9] opened from [::1]:60114
Jul 06 18:30 : player: played "Ignition Mix - Annie Nightingale.mp3"
Jul 06 18:30 : client: [9] closed
Jul 06 18:30 : client: [10] opened from [::1]:60120
Jul 06 18:31 : client: [10] closed
Jul 06 18:31 : client: [11] opened from [::1]:60160
Jul 06 18:32 : client: [11] closed
Jul 06 18:32 : client: [12] opened from [::1]:60162
Jul 06 18:32 : player: played "Justice - Newjack -.mp3"
Jul 06 18:32 : player: played "Different Heaven - Far Away (Phantom Sage Remix).mp3"
Jul 06 18:33 : client: [12] closed
Jul 06 18:33 : client: [13] opened from [::1]:60168
Jul 06 18:33 : player: played "Brig - Spoil.mp3"
Jul 06 18:33 : output: Failed to open mixer for 'My ALSA Device'
Jul 06 18:34 : client: [13] closed
Jul 06 18:34 : client: [14] opened from [::1]:60186
Jul 06 18:36 : client: [14] closed
Jul 06 18:36 : client: [15] opened from [::1]:60188
Jul 06 18:37 : client: [15] closed
Jul 06 18:37 : client: [16] opened from [::1]:60190
Jul 06 18:37 : client: [16] closed
Jul 06 18:37 : client: [17] opened from [::1]:60192
Jul 06 18:38 : client: [17] closed
Jul 06 18:38 : client: [18] opened from [::1]:60194
Jul 06 18:38 : output: Failed to open mixer for 'My ALSA Device'
Jul 06 18:38 : client: [18] closed
Jul 06 18:38 : client: [19] opened from [::1]:60196
Jul 06 18:38 : output: Failed to open mixer for 'My ALSA Device'
Jul 06 18:38 : output: Failed to open mixer for 'My ALSA Device'
Jul 06 18:38 : client: [19] closed
Jul 06 18:38 : client: [20] opened from [::1]:60206
Jul 06 18:38 : output: Failed to open mixer for 'My ALSA Device'
Jul 06 18:39 : client: [20] closed
Jul 06 18:39 : client: [21] opened from [::1]:60208
Jul 06 18:39 : client: [21] closed
Jul 06 18:39 : client: [22] opened from [::1]:60210
Jul 06 18:39 : client: [22] closed
Jul 06 18:40 : client: [23] opened from [::1]:60212
Jul 06 18:40 : player: played "La Belle Verte.mp3"
Jul 06 18:40 : client: [23] closed
Jul 06 18:40 : client: [24] opened from [::1]:60216
Jul 06 18:40 : client: [24] closed
Jul 06 18:40 : client: [25] opened from [::1]:60218
Jul 06 18:40 : player: played "More Plastic - Kill 'Em (Original Mix) [SickTaste.com EXCLUSIVE].mp3"
Jul 06 18:42 : client: [25] closed
Jul 06 18:42 : client: [26] opened from [::1]:60228
Jul 06 18:42 : client: [26] closed
Jul 06 18:42 : client: [27] opened from [::1]:60230
Jul 06 18:43 : client: [27] closed
Jul 06 18:43 : client: [28] opened from [::1]:60232
Jul 06 18:45 : client: [28] closed
Jul 06 18:45 : client: [29] opened from [::1]:60234
Jul 06 18:45 : client: [29] closed
Jul 06 18:45 : client: [30] opened from [::1]:60236
Jul 06 18:45 : client: [30] closed
Jul 06 18:45 : client: [31] opened from [::1]:60238
Jul 06 18:45 : client: [31] closed
Jul 06 18:46 : client: [32] opened from [::1]:60240
Jul 06 18:46 : client: [32] closed
Jul 06 18:46 : client: [33] opened from [::1]:60242
Jul 06 18:46 : client: [33] closed
Jul 06 18:46 : client: [34] opened from [::1]:60244
Jul 06 18:46 : client: [34] closed
Jul 06 18:46 : client: [35] opened from [::1]:60246
Jul 06 18:46 : client: [35] closed
Jul 06 18:46 : client: [36] opened from [::1]:60248
Jul 06 18:46 : client: [36] closed
Jul 06 18:46 : client: [37] opened from [::1]:60250
Jul 06 18:47 : client: [37] closed
Jul 06 18:47 : client: [38] opened from [::1]:60252
Jul 06 18:47 : player: played "Bliss-Warriors.mp3"
Jul 06 18:47 : player: played "02 Fortress (Ft. Joni Fatora).mp3"
Jul 06 18:47 : ffmpeg/mov,mp4,m4a,3gp,3g2,mj2: stream 0, timescale not set
Jul 06 18:47 : ffmpeg/mjpeg: Changing bps to 8
Jul 06 18:47 : output: Failed to open mixer for 'My ALSA Device'
Jul 06 18:47 : player: played "14 Messiah.m4a"
Jul 06 18:47 : output: Failed to open mixer for 'My ALSA Device'
Jul 06 18:47 : player: played "7546883_Cybernetics_Original_Mix.mp3"
Jul 06 18:47 : player: played "7711268_Antihero_Original_Mix.mp3"
Jul 06 18:47 : player: played "Amazonia.mp3"
Jul 06 18:47 : player: played "Bliss-Warriors.mp3"
Jul 06 18:48 : output: Failed to open mixer for 'My ALSA Device'
Jul 06 18:48 : client: [38] closed
Jul 06 18:48 : client: [39] opened from [::1]:60270
Jul 06 18:49 : client: [39] closed
Jul 06 18:49 : client: [40] opened from [::1]:60288
Jul 06 18:50 : client: [40] closed
Jul 06 18:50 : client: [41] opened from [::1]:60290
Jul 06 18:50 : client: [41] closed
Jul 06 18:51 : client: [42] opened from [::1]:60304
Jul 06 18:51 : client: [42] closed
Jul 06 18:51 : player: played "Calvin Hobbes - Alice.mp3"
Jul 06 18:51 : avahi: Service 'Music Player' successfully established.
Jul 06 18:51 : client: [0] opened from [::1]:60318
Jul 06 18:51 : alsa_mixer: Failed to read mixer for 'My ALSA Device': no such mixer control: PCM
Jul 06 18:51 : client: [1] opened from [::1]:60320
Jul 06 18:51 : output: Failed to open mixer for 'My ALSA Device'
Jul 06 18:51 : player: played "Calvin Hobbes - Alice.mp3"
Jul 06 18:52 : player: played "LigOne - Complete(R.O Remix).mp3"
Jul 06 20:18 : output: Failed to open mixer for 'My ALSA Device'
Jul 06 20:18 : client: [0] closed
Jul 06 20:28 : client: [2] opened from [::1]:60462
Jul 06 20:28 : player: played "Whynnel - Mitzdi.mp3"
Jul 06 20:28 : ffmpeg/mov,mp4,m4a,3gp,3g2,mj2: stream 0, timescale not set
Jul 06 20:28 : ffmpeg/mjpeg: Changing bps to 8
Jul 06 20:28 : output: Failed to open mixer for 'My ALSA Device'
Jul 06 20:29 : output: Failed to open mixer for 'My ALSA Device'
Jul 06 20:30 : output: Failed to open mixer for 'My ALSA Device'
Jul 06 20:32 : client: [2] closed
Jul 06 20:32 : client: [3] opened from [::1]:60498
Jul 06 20:33 : player: played "14 Messiah.m4a"
Jul 06 20:33 : output: Failed to open mixer for 'My ALSA Device'
Jul 06 20:35 : player: played "Trivecta - Into The Limelight (feat. Danyka Nadeau).mp3"
Jul 06 20:35 : output: Failed to open mixer for 'My ALSA Device'
Jul 06 20:37 : client: [3] closed
Jul 06 20:37 : client: [4] opened from [::1]:60518
Jul 06 20:38 : output: Failed to open mixer for 'My ALSA Device'
Jul 06 20:38 : client: [4] closed
Jul 06 20:38 : client: [5] opened from [::1]:60524
Jul 06 20:39 : client: [5] closed
Jul 06 20:39 : client: [6] opened from [::1]:60526
Jul 06 20:39 : output: Failed to open mixer for 'My ALSA Device'
Jul 06 20:39 : client: [6] closed
Jul 06 20:42 : player: played "Destroy Them With Lazers.mp3"
Jul 06 20:44 : client: [7] opened from [::1]:60528
Jul 06 20:44 : output: Failed to open mixer for 'My ALSA Device'
Jul 06 20:44 : client: [7] closed
Jul 06 20:44 : client: [8] opened from [::1]:60530
Jul 06 20:46 : player: played "Howl - Sports Challenge.mp3"
Jul 06 20:46 : client: [8] closed
Jul 06 20:46 : client: [9] opened from [::1]:60544
Jul 06 20:47 : client: [9] closed
Jul 06 20:47 : client: [10] opened from [::1]:60546
Jul 06 20:47 : output: Failed to open mixer for 'My ALSA Device'
Jul 06 20:48 : client: [10] closed
Jul 06 20:49 : client: [11] opened from [::1]:60720
Jul 06 20:49 : player: played "PIXL – The Escape (Original Mix).mp3"
Jul 06 20:49 : output: Failed to open mixer for 'My ALSA Device'
Jul 06 20:51 : client: [11] closed
Jul 06 20:51 : client: [12] opened from [::1]:60750
Jul 06 20:52 : client: [12] closed
Jul 06 20:52 : client: [13] opened from [::1]:60752
Jul 06 20:52 : client: [13] closed
Jul 06 20:52 : client: [14] opened from [::1]:60770
Jul 06 20:52 : client: [14] closed
Jul 06 20:53 : client: [15] opened from [::1]:60772
Jul 06 20:53 : client: [15] closed
Jul 06 20:54 : player: played "Neon Grave EP/Zomboy - Lights Out.mp3"
Jul 06 20:54 : client: [16] opened from [::1]:60780
Jul 06 20:55 : client: [16] closed
Jul 06 20:55 : client: [17] opened from [::1]:60782
Jul 06 20:55 : client: [17] closed
Jul 06 20:55 : client: [18] opened from [::1]:60784
Jul 06 20:55 : client: [18] closed
Jul 06 20:55 : client: [19] opened from [::1]:60786
Jul 06 20:56 : client: [19] closed
Jul 06 20:56 : client: [20] opened from [::1]:60788
Jul 06 20:58 : player: played "Neon Grave EP/Zomboy - Dip It.mp3"
Jul 06 20:58 : output: Failed to open mixer for 'My ALSA Device'
Jul 06 20:58 : output: Failed to open mixer for 'My ALSA Device'
Jul 06 20:59 : alsa_output: Failed to open "My ALSA Device" [alsa]: Failed to open ALSA device "hw:0,0": Device or resource busy
Jul 06 20:59 : output: Failed to open audio output
Jul 06 20:59 : alsa_output: Failed to open "My ALSA Device" [alsa]: Failed to open ALSA device "hw:0,0": Device or resource busy
Jul 06 20:59 : alsa_output: Failed to open "My ALSA Device" [alsa]: Failed to open ALSA device "hw:0,0": Device or resource busy
Jul 06 20:59 : output: Failed to open audio output
Jul 06 21:01 : alsa_output: Failed to open "My ALSA Device" [alsa]: Failed to open ALSA device "hw:0,0": Device or resource busy
Jul 06 21:01 : output: Failed to open audio output
Jul 06 21:01 : alsa_output: Failed to open "My ALSA Device" [alsa]: Failed to open ALSA device "hw:0,0": Device or resource busy
Jul 06 21:01 : alsa_output: Failed to open "My ALSA Device" [alsa]: Failed to open ALSA device "hw:0,0": Device or resource busy
Jul 06 21:01 : client: [20] closed
Jul 06 21:53 : client: [21] opened from [::1]:33184
Jul 06 21:53 : alsa_output: Failed to open "My ALSA Device" [alsa]: Failed to open ALSA device "hw:0,0": Device or resource busy
Jul 06 21:53 : output: Failed to open audio output
Jul 06 21:53 : alsa_output: Failed to open "My ALSA Device" [alsa]: Failed to open ALSA device "hw:0,0": Device or resource busy
Jul 06 21:53 : alsa_output: Failed to open "My ALSA Device" [alsa]: Failed to open ALSA device "hw:0,0": Device or resource busy
Jul 06 21:53 : output: Failed to open audio output
Jul 06 21:53 : alsa_output: Failed to open "My ALSA Device" [alsa]: Failed to open ALSA device "hw:0,0": Device or resource busy
Jul 06 21:53 : player: played "Neon Grave EP/Zomboy - Get With The Program (feat. O.V).mp3"
Jul 06 21:53 : alsa_output: Failed to open "My ALSA Device" [alsa]: Failed to open ALSA device "hw:0,0": Device or resource busy
Jul 06 21:53 : output: Failed to open audio output
Jul 06 21:53 : alsa_output: Failed to open "My ALSA Device" [alsa]: Failed to open ALSA device "hw:0,0": Device or resource busy
Jul 06 21:53 : player: played "Neon Grave EP/Zomboy - Miles Away (feat. Nefera).mp3"
Jul 06 21:53 : alsa_output: Failed to open "My ALSA Device" [alsa]: Failed to open ALSA device "hw:0,0": Device or resource busy
Jul 06 21:53 : output: Failed to open audio output
Jul 06 21:53 : alsa_output: Failed to open "My ALSA Device" [alsa]: Failed to open ALSA device "hw:0,0": Device or resource busy
